Using pre-set license
Built from '2020.2/release' branch; Version is '2020.2.2f1 (068178b99f32) revision 426360'; Using compiler version '192528614'; Build Type 'Release'
OS: 'Windows 10 Pro; OS build 19041.746; Version 2004; 64bit' Language: 'en' Physical Memory: 32692 MB
BatchMode: 1, IsHumanControllingUs: 0, StartBugReporterOnCrash: 0, Is64bit: 1, IsPro: 0

 COMMAND LINE ARGUMENTS:
C:\Program Files\Unity\Hub\Editor\2020.2.2f1\Editor\Unity.exe
-adb2
-batchMode
-noUpm
-name
AssetImportWorker0
-projectPath
C:/Users/admul/Repos/Unity2D/KnotsScary
-logFile
Logs/AssetImportWorker0.log
-srvPort
3087
Successfully changed project path to: C:/Users/admul/Repos/Unity2D/KnotsScary
C:/Users/admul/Repos/Unity2D/KnotsScary
Using Asset Import Pipeline V2.
Refreshing native plugins compatible for Editor in 30.02 ms, found 1 plugins.
Preloading 0 native plugins for Editor in 0.00 ms.
Initialize engine version: 2020.2.2f1 (068178b99f32)
[Subsystems] Discovering subsystems at path C:/Program Files/Unity/Hub/Editor/2020.2.2f1/Editor/Data/Resources/UnitySubsystems
[Subsystems] Discovering subsystems at path C:/Users/admul/Repos/Unity2D/KnotsScary/Assets
GfxDevice: creating device client; threaded=0
Direct3D:
    Version:  Direct3D 11.0 [level 11.1]
    Renderer: NVIDIA GeForce GTX 1080 Ti (ID=0x1b06)
    Vendor:   
    VRAM:     11127 MB
    Driver:   27.21.14.6089
Initialize mono
Mono path[0] = 'C:/Program Files/Unity/Hub/Editor/2020.2.2f1/Editor/Data/Managed'
Mono path[1] = 'C:/Program Files/Unity/Hub/Editor/2020.2.2f1/Editor/Data/MonoBleedingEdge/lib/mono/unityjit'
Mono config path = 'C:/Program Files/Unity/Hub/Editor/2020.2.2f1/Editor/Data/MonoBleedingEdge/etc'
Using monoOptions --debugger-agent=transport=dt_socket,embedding=1,server=y,suspend=n,address=127.0.0.1:56976
Begin MonoManager ReloadAssembly
Registering precompiled unity dll's ...
Register platform support module: C:/Program Files/Unity/Hub/Editor/2020.2.2f1/Editor/Data/PlaybackEngines/WindowsStandaloneSupport/UnityEditor.WindowsStandalone.Extensions.dll
Registered in 0.001872 seconds.
Native extension for WindowsStandalone target not found
Refreshing native plugins compatible for Editor in 29.22 ms, found 1 plugins.
Preloading 0 native plugins for Editor in 0.00 ms.
Invoked RoslynAnalysisRunner static constructor.
RoslynAnalysisRunner will not be running.
RoslynAnalysisRunner has terminated.
Mono: successfully reloaded assembly
- Completed reload, in  0.899 seconds
Platform modules already initialized, skipping
Registering precompiled user dll's ...
Registered in 0.000832 seconds.
Begin MonoManager ReloadAssembly
Native extension for WindowsStandalone target not found
Refreshing native plugins compatible for Editor in 38.52 ms, found 1 plugins.
Preloading 0 native plugins for Editor in 0.00 ms.
Invoked RoslynAnalysisRunner static constructor.
RoslynAnalysisRunner will not be running.
RoslynAnalysisRunner has terminated.
Mono: successfully reloaded assembly
- Completed reload, in  0.877 seconds
Platform modules already initialized, skipping
========================================================================
Worker process is ready to serve import requests
Launched and connected shader compiler UnityShaderCompiler.exe after 0.04 seconds
Refreshing native plugins compatible for Editor in 0.32 ms, found 1 plugins.
Preloading 0 native plugins for Editor in 0.00 ms.
Unloading 1793 Unused Serialized files (Serialized files now loaded: 0)
System memory in use before: 84.2 MB.
System memory in use after: 84.2 MB.

Unloading 24 unused Assets to reduce memory usage. Loaded Objects now: 2235.
Total: 1.640600 ms (FindLiveObjects: 0.161000 ms CreateObjectMapping: 0.070800 ms MarkObjects: 1.307100 ms  DeleteObjects: 0.101100 ms)

========================================================================
Received Import Request.
  path: Assets/AdventureGame.cs
  artifactKey: Guid(ac599e44477ef8c4c810af5d8c66ccea) Importer(815301076,1909f56bfc062723c751e8b465ee728b)
Start importing Assets/AdventureGame.cs using Guid(ac599e44477ef8c4c810af5d8c66ccea) Importer(815301076,1909f56bfc062723c751e8b465ee728b)  -> (artifact id: '616cb7a8d02b9af506cd44c059dd06ff') in 0.032332 seconds
  Import took 0.034766 seconds .

========================================================================
Received Prepare
Registering precompiled user dll's ...
Registered in 0.000874 seconds.
Begin MonoManager ReloadAssembly
Native extension for WindowsStandalone target not found
Refreshing native plugins compatible for Editor in 0.27 ms, found 1 plugins.
Preloading 0 native plugins for Editor in 0.00 ms.
Invoked RoslynAnalysisRunner static constructor.
RoslynAnalysisRunner will not be running.
RoslynAnalysisRunner has terminated.
Mono: successfully reloaded assembly
- Completed reload, in  0.643 seconds
Platform modules already initialized, skipping
Refreshing native plugins compatible for Editor in 0.30 ms, found 1 plugins.
Preloading 0 native plugins for Editor in 0.00 ms.
Unloading 1788 Unused Serialized files (Serialized files now loaded: 0)
System memory in use before: 84.2 MB.
System memory in use after: 84.2 MB.

Unloading 12 unused Assets to reduce memory usage. Loaded Objects now: 2238.
Total: 1.525400 ms (FindLiveObjects: 0.162800 ms CreateObjectMapping: 0.061900 ms MarkObjects: 1.218200 ms  DeleteObjects: 0.081600 ms)

========================================================================
Received Prepare
Registering precompiled user dll's ...
Registered in 0.000845 seconds.
Begin MonoManager ReloadAssembly
Native extension for WindowsStandalone target not found
Refreshing native plugins compatible for Editor in 0.27 ms, found 1 plugins.
Preloading 0 native plugins for Editor in 0.00 ms.
Invoked RoslynAnalysisRunner static constructor.
RoslynAnalysisRunner will not be running.
RoslynAnalysisRunner has terminated.
Mono: successfully reloaded assembly
- Completed reload, in  0.661 seconds
Platform modules already initialized, skipping
Refreshing native plugins compatible for Editor in 0.26 ms, found 1 plugins.
Preloading 0 native plugins for Editor in 0.00 ms.
Unloading 1788 Unused Serialized files (Serialized files now loaded: 0)
System memory in use before: 84.3 MB.
System memory in use after: 84.3 MB.

Unloading 12 unused Assets to reduce memory usage. Loaded Objects now: 2241.
Total: 1.664900 ms (FindLiveObjects: 0.185700 ms CreateObjectMapping: 0.082300 ms MarkObjects: 1.317600 ms  DeleteObjects: 0.078300 ms)

========================================================================
Received Prepare
Registering precompiled user dll's ...
Registered in 0.000827 seconds.
Begin MonoManager ReloadAssembly
Native extension for WindowsStandalone target not found
Refreshing native plugins compatible for Editor in 0.27 ms, found 1 plugins.
Preloading 0 native plugins for Editor in 0.00 ms.
Invoked RoslynAnalysisRunner static constructor.
RoslynAnalysisRunner will not be running.
RoslynAnalysisRunner has terminated.
Mono: successfully reloaded assembly
- Completed reload, in  0.626 seconds
Platform modules already initialized, skipping
Refreshing native plugins compatible for Editor in 0.26 ms, found 1 plugins.
Preloading 0 native plugins for Editor in 0.00 ms.
Unloading 1788 Unused Serialized files (Serialized files now loaded: 0)
System memory in use before: 84.4 MB.
System memory in use after: 84.4 MB.

Unloading 12 unused Assets to reduce memory usage. Loaded Objects now: 2244.
Total: 1.422300 ms (FindLiveObjects: 0.155600 ms CreateObjectMapping: 0.058300 ms MarkObjects: 1.123300 ms  DeleteObjects: 0.084400 ms)

========================================================================
Received Import Request.
  Time since last request: 3807.860300 seconds.
  path: Assets
  artifactKey: Guid(00000000000000001000000000000000) Importer(815301076,1909f56bfc062723c751e8b465ee728b)
Start importing Assets using Guid(00000000000000001000000000000000) Importer(815301076,1909f56bfc062723c751e8b465ee728b)  -> (artifact id: '4a6e520b92ccfc61bcfa21a7bcab8468') in 0.008791 seconds
  Import took 0.011806 seconds .

========================================================================
Received Import Request.
  Time since last request: 59.746220 seconds.
  path: Assets/State.cs
  artifactKey: Guid(909fe0dba9a96764b8911147c631b7ab) Importer(815301076,1909f56bfc062723c751e8b465ee728b)
Start importing Assets/State.cs using Guid(909fe0dba9a96764b8911147c631b7ab) Importer(815301076,1909f56bfc062723c751e8b465ee728b)  -> (artifact id: 'ac5982968ab77f1e275c4b3ec2254753') in 0.007077 seconds
  Import took 0.009903 seconds .

========================================================================
Received Prepare
Registering precompiled user dll's ...
Registered in 0.000807 seconds.
Begin MonoManager ReloadAssembly
Native extension for WindowsStandalone target not found
Refreshing native plugins compatible for Editor in 0.35 ms, found 1 plugins.
Preloading 0 native plugins for Editor in 0.00 ms.
Invoked RoslynAnalysisRunner static constructor.
RoslynAnalysisRunner will not be running.
RoslynAnalysisRunner has terminated.
Mono: successfully reloaded assembly
- Completed reload, in  0.778 seconds
Platform modules already initialized, skipping
Refreshing native plugins compatible for Editor in 0.26 ms, found 1 plugins.
Preloading 0 native plugins for Editor in 0.00 ms.
Unloading 1789 Unused Serialized files (Serialized files now loaded: 0)
System memory in use before: 84.5 MB.
System memory in use after: 84.5 MB.

Unloading 12 unused Assets to reduce memory usage. Loaded Objects now: 2248.
Total: 1.390300 ms (FindLiveObjects: 0.147400 ms CreateObjectMapping: 0.053800 ms MarkObjects: 1.107800 ms  DeleteObjects: 0.080800 ms)

========================================================================
Received Prepare
Registering precompiled user dll's ...
Registered in 0.001154 seconds.
Begin MonoManager ReloadAssembly
Native extension for WindowsStandalone target not found
Refreshing native plugins compatible for Editor in 0.27 ms, found 1 plugins.
Preloading 0 native plugins for Editor in 0.00 ms.
Invoked RoslynAnalysisRunner static constructor.
RoslynAnalysisRunner will not be running.
RoslynAnalysisRunner has terminated.
Mono: successfully reloaded assembly
- Completed reload, in  0.626 seconds
Platform modules already initialized, skipping
Refreshing native plugins compatible for Editor in 0.28 ms, found 1 plugins.
Preloading 0 native plugins for Editor in 0.00 ms.
Unloading 1789 Unused Serialized files (Serialized files now loaded: 0)
System memory in use before: 84.6 MB.
System memory in use after: 84.6 MB.

Unloading 12 unused Assets to reduce memory usage. Loaded Objects now: 2251.
Total: 1.903500 ms (FindLiveObjects: 0.276000 ms CreateObjectMapping: 0.102100 ms MarkObjects: 1.371300 ms  DeleteObjects: 0.153200 ms)

========================================================================
Received Import Request.
  Time since last request: 152.723865 seconds.
  path: Assets/State.cs
  artifactKey: Guid(909fe0dba9a96764b8911147c631b7ab) Importer(815301076,1909f56bfc062723c751e8b465ee728b)
Start importing Assets/State.cs using Guid(909fe0dba9a96764b8911147c631b7ab) Importer(815301076,1909f56bfc062723c751e8b465ee728b)  -> (artifact id: 'e7937250dfaa7b37afce53a22b926c4d') in 0.004069 seconds
  Import took 0.006308 seconds .

========================================================================
Received Import Request.
  Time since last request: 26.227556 seconds.
  path: Assets/StartingState.asset
  artifactKey: Guid(0d14f7eb7cc57704ba5b9ff84b03460d) Importer(815301076,1909f56bfc062723c751e8b465ee728b)
Start importing Assets/StartingState.asset using Guid(0d14f7eb7cc57704ba5b9ff84b03460d) Importer(815301076,1909f56bfc062723c751e8b465ee728b)  -> (artifact id: '7d6466e6880e77d7bc5ec8cba7366a0d') in 0.013608 seconds
  Import took 0.016298 seconds .

========================================================================
Received Prepare
Registering precompiled user dll's ...
Registered in 0.000797 seconds.
Begin MonoManager ReloadAssembly
Native extension for WindowsStandalone target not found
Refreshing native plugins compatible for Editor in 0.27 ms, found 1 plugins.
Preloading 0 native plugins for Editor in 0.00 ms.
Invoked RoslynAnalysisRunner static constructor.
RoslynAnalysisRunner will not be running.
RoslynAnalysisRunner has terminated.
Mono: successfully reloaded assembly
- Completed reload, in  0.630 seconds
Platform modules already initialized, skipping
Refreshing native plugins compatible for Editor in 0.27 ms, found 1 plugins.
Preloading 0 native plugins for Editor in 0.00 ms.
Unloading 1789 Unused Serialized files (Serialized files now loaded: 0)
System memory in use before: 84.6 MB.
System memory in use after: 84.6 MB.

Unloading 12 unused Assets to reduce memory usage. Loaded Objects now: 2254.
Total: 1.460600 ms (FindLiveObjects: 0.157400 ms CreateObjectMapping: 0.048300 ms MarkObjects: 1.178900 ms  DeleteObjects: 0.075000 ms)

========================================================================
Received Prepare
Registering precompiled user dll's ...
Registered in 0.000806 seconds.
Begin MonoManager ReloadAssembly
Native extension for WindowsStandalone target not found
Refreshing native plugins compatible for Editor in 0.27 ms, found 1 plugins.
Preloading 0 native plugins for Editor in 0.00 ms.
Invoked RoslynAnalysisRunner static constructor.
RoslynAnalysisRunner will not be running.
RoslynAnalysisRunner has terminated.
Mono: successfully reloaded assembly
- Completed reload, in  0.638 seconds
Platform modules already initialized, skipping
Refreshing native plugins compatible for Editor in 0.28 ms, found 1 plugins.
Preloading 0 native plugins for Editor in 0.00 ms.
Unloading 1789 Unused Serialized files (Serialized files now loaded: 0)
System memory in use before: 84.7 MB.
System memory in use after: 84.7 MB.

Unloading 12 unused Assets to reduce memory usage. Loaded Objects now: 2257.
Total: 1.525300 ms (FindLiveObjects: 0.214700 ms CreateObjectMapping: 0.065100 ms MarkObjects: 1.168300 ms  DeleteObjects: 0.076200 ms)

========================================================================
Received Import Request.
  Time since last request: 12757.944241 seconds.
  path: Assets/StartingState.asset
  artifactKey: Guid(0d14f7eb7cc57704ba5b9ff84b03460d) Importer(815301076,1909f56bfc062723c751e8b465ee728b)
Start importing Assets/StartingState.asset using Guid(0d14f7eb7cc57704ba5b9ff84b03460d) Importer(815301076,1909f56bfc062723c751e8b465ee728b)  -> (artifact id: '6f128756b814f45b665e4450712da9be') in 0.010990 seconds
  Import took 0.013827 seconds .

AssetImportWorkerClient::OnTransportError - code=2 error=End of file
